IQ-TREE multicore version 2.2.2.3 COVID-edition for Linux 64-bit built Apr  7 2023
Developed by Bui Quang Minh, James Barbetti, Nguyen Lam Tung,
Olga Chernomor, Heiko Schmidt, Dominik Schrempf, Michael Woodhams, Ly Trong Nhan.

Host:    ed24928f79f5 (AVX512, FMA3, 62 GB RAM)
Command: iqtree -T AUTO --threads-max 2 -s /app/outputs/analyses/485/20240624T090629/between_sample_distances/D/clade_D_seqs.aligned.fasta
Seed:    225072 (Using SPRNG - Scalable Parallel Random Number Generator)
Time:    Mon Jun 24 04:07:14 2024
Kernel:  AVX+FMA - auto-detect threads (36 CPU cores detected)

Reading alignment file /app/outputs/analyses/485/20240624T090629/between_sample_distances/D/clade_D_seqs.aligned.fasta ... Fasta format detected
Reading fasta file: done in 0.000515938 secs using 92.45% CPU
Alignment most likely contains DNA/RNA sequences
Constructing alignment: done in 0.00117493 secs using 2830% CPU
Alignment has 28 sequences with 283 columns, 32 distinct patterns
10 parsimony-informative, 6 singleton sites, 267 constant sites
       Gap/Ambiguity  Composition  p-value
Analyzing sequences: done in 5.91278e-05 secs using 3410% CPU
   1  70916   12.37%    passed     99.87%
   2  1674     7.77%    passed     99.67%
   3  2582     7.77%    passed     97.10%
   4  70934    7.77%    passed     99.69%
   5  2587     7.77%    passed     99.03%
   6  2594     7.77%    passed     99.80%
   7  10403    7.77%    passed     99.86%
   8  933      7.77%    passed     99.09%
   9  2597     7.77%    passed     99.80%
  10  15655    7.77%    passed     98.62%
  11  38566    7.77%    passed     99.67%
  12  939      7.77%    passed     99.99%
  13  15659    7.77%    passed     97.58%
  14  70955    7.07%    passed     99.11%
  15  944      7.77%    passed     99.91%
  16  946      7.77%    passed     99.76%
  17  62914    7.77%    passed     99.64%
  18  1739     7.77%    passed     99.91%
  19  853      7.77%    passed     99.99%
  20  854      7.77%    passed     99.80%
  21  1759     7.77%    passed     99.03%
  22  1768     7.77%    passed     99.03%
  23  10612    7.77%    passed     99.94%
  24  10614    7.77%    passed     99.61%
  25  70902    1.41%    passed     99.98%
  26  10616    7.77%    passed     99.94%
  27  70903    7.07%    passed     98.22%
  28  1660     7.77%    passed     98.84%
****  TOTAL    7.66%  0 sequences failed composition chi2 test (p-value<5%; df=3)
Checking for duplicate sequences: done in 0.00022006 secs using 3517% CPU


Create initial parsimony tree by phylogenetic likelihood library (PLL)... 0.001 seconds
Measuring multi-threading efficiency up to 2 CPU cores
Increase to 10 rounds for branch lengths
1145 trees examined
Threads: 1 / Time: 2.001 sec / Speedup: 1.000 / Efficiency: 100% / LogL: -740
Threads: 2 / Time: 2.850 sec / Speedup: 0.702 / Efficiency: 35% / LogL: -740
Determining AUTO threadcount: done in 4.85117 secs using 292.9% CPU
BEST NUMBER OF THREADS: 1

Perform fast likelihood tree search using GTR+I+G model...
Estimate model parameters (epsilon = 5.000)
Perform nearest neighbor interchange...
Optimizing NNI: done in 0.0014472 secs using 197.4% CPU
Estimate model parameters (epsilon = 1.000)
1. Initial log-likelihood: -562.960
Optimal log-likelihood: -562.902
Rate parameters:  A-C: 0.00010  A-G: 2.79925  A-T: 2.16943  C-G: 5.07394  C-T: 15.06897  G-T: 1.00000
Warning! Some parameters hit the boundaries
Base frequencies:  A: 0.179  C: 0.256  G: 0.246  T: 0.319
Proportion of invariable sites: 0.492
Gamma shape alpha: 0.020
Parameters optimization took 1 rounds (0.003 sec)
Time for fast ML tree search: 0.016 seconds

NOTE: ModelFinder requires 0 MB RAM!
ModelFinder will test up to 484 DNA models (sample size: 283) ...
 No. Model         -LnL         df  AIC          AICc         BIC
  1  GTR+F         585.428      61  1292.856     1327.082     1515.228
  2  GTR+F+I       562.346      62  1248.693     1284.202     1474.711
  3  GTR+F+G4      568.233      62  1260.466     1295.975     1486.483
  4  GTR+F+I+G4    562.797      63  1251.594     1288.416     1481.257
  5  GTR+F+R2      560.708      63  1247.415     1284.237     1477.079
  6  GTR+F+R3      560.714      65  1251.428     1290.967     1488.382
 14  GTR+F+I+R2    558.143      64  1244.286     1282.451     1477.594
 15  GTR+F+I+R3    557.865      66  1247.729     1288.674     1488.329
 24  SYM+I         568.507      59  1255.013     1286.762     1470.095
 26  SYM+I+G4      568.945      60  1257.890     1290.863     1476.616
 27  SYM+R2        566.782      60  1253.563     1286.536     1472.290
 36  SYM+I+R2      563.977      61  1249.954     1284.181     1472.327
 46  TVM+F+I       564.565      61  1251.131     1285.357     1473.503
 48  TVM+F+I+G4    565.383      62  1254.766     1290.275     1480.783
 49  TVM+F+R2      562.748      62  1249.496     1285.005     1475.514
 58  TVM+F+I+R2    562.294      63  1250.588     1287.410     1480.252
 68  TVMe+I        572.067      58  1260.134     1290.687     1471.569
 70  TVMe+I+G4     572.790      59  1263.580     1295.329     1478.661
 71  TVMe+R2       570.239      59  1258.479     1290.228     1473.560
 80  TVMe+I+R2     569.961      60  1259.922     1292.895     1478.649
 90  TIM3+F+I      565.366      60  1250.732     1283.705     1469.459
 92  TIM3+F+I+G4   565.824      61  1253.648     1287.874     1476.020
 93  TIM3+F+R2     563.563      61  1249.127     1283.353     1471.499
102  TIM3+F+I+R2   560.746      62  1245.492     1281.001     1471.510
112  TIM3e+I       571.857      57  1257.714     1287.101     1465.505
114  TIM3e+I+G4    572.280      58  1260.560     1291.114     1471.996
115  TIM3e+R2      569.942      58  1255.883     1286.437     1467.319
124  TIM3e+I+R2    566.797      59  1251.594     1283.343     1466.676
134  TIM2+F+I      565.304      60  1250.608     1283.581     1469.335
136  TIM2+F+I+G4   565.785      61  1253.570     1287.796     1475.942
137  TIM2+F+R2     563.507      61  1249.015     1283.241     1471.387
146  TIM2+F+I+R2   560.694      62  1245.389     1280.898     1471.406
156  TIM2e+I       571.313      57  1256.626     1286.013     1464.416
158  TIM2e+I+G4    571.760      58  1259.519     1290.073     1470.955
159  TIM2e+R2      569.417      58  1254.835     1285.388     1466.271
168  TIM2e+I+R2    566.423      59  1250.845     1282.594     1465.926
178  TIM+F+I       563.194      60  1246.387     1279.360     1465.114
180  TIM+F+I+G4    563.673      61  1249.345     1283.571     1471.717
181  TIM+F+R2      561.445      61  1244.889     1279.116     1467.262
190  TIM+F+I+R2    558.611      62  1241.222     1276.731     1467.239
200  TIMe+I        569.600      57  1253.199     1282.586     1460.990
202  TIMe+I+G4     570.038      58  1256.075     1286.629     1467.511
203  TIMe+R2       567.740      58  1251.480     1282.034     1462.916
212  TIMe+I+R2     564.661      59  1247.321     1279.070     1462.403
222  TPM3u+F+I     567.486      59  1252.971     1284.720     1468.053
224  TPM3u+F+I+G4  568.308      60  1256.615     1289.588     1475.342
225  TPM3u+F+R2    565.425      60  1250.849     1283.822     1469.576
234  TPM3u+F+I+R2  564.026      61  1250.052     1284.278     1472.424
244  TPM3+I        575.379      56  1262.759     1291.007     1466.904
246  TPM3+I+G4     576.118      57  1266.236     1295.622     1474.026
247  TPM3+R2       573.245      57  1260.491     1289.878     1468.281
256  TPM3+I+R2     572.775      58  1261.549     1292.103     1472.985
266  TPM2u+F+I     567.453      59  1252.906     1284.655     1467.987
268  TPM2u+F+I+G4  568.216      60  1256.432     1289.405     1475.159
269  TPM2u+F+R2    565.385      60  1250.770     1283.743     1469.497
278  TPM2u+F+I+R2  564.729      61  1251.458     1285.684     1473.830
288  TPM2+I        574.807      56  1261.614     1289.862     1465.759
290  TPM2+I+G4     575.464      57  1264.929     1294.315     1472.719
291  TPM2+R2       572.696      57  1259.393     1288.779     1467.183
300  TPM2+I+R2     572.363      58  1260.726     1291.280     1472.162
310  K3Pu+F+I      565.284      59  1248.568     1280.317     1463.649
312  K3Pu+F+I+G4   566.038      60  1252.075     1285.048     1470.802
313  K3Pu+F+R2     563.381      60  1246.762     1279.735     1465.489
322  K3Pu+F+I+R2   562.727      61  1247.454     1281.681     1469.827
332  K3P+I         573.106      56  1258.213     1286.461     1462.358
334  K3P+I+G4      573.775      57  1261.551     1290.937     1469.341
335  K3P+R2        571.210      57  1256.420     1285.807     1464.211
344  K3P+I+R2      570.793      58  1257.586     1288.139     1469.021
354  TN+F+I        565.820      59  1249.639     1281.388     1464.720
356  TN+F+I+G4     566.304      60  1252.608     1285.581     1471.335
357  TN+F+R2       563.946      60  1247.891     1280.864     1466.618
366  TN+F+I+R2     560.893      61  1243.785     1278.011     1466.157
376  TNe+I         572.158      56  1256.315     1284.563     1460.460
378  TNe+I+G4      572.591      57  1259.181     1288.568     1466.972
379  TNe+R2        570.190      57  1254.380     1283.767     1462.171
388  TNe+I+R2      566.796      58  1249.592     1280.145     1461.028
398  HKY+F+I       567.920      58  1251.841     1282.394     1463.277
400  HKY+F+I+G4    568.683      59  1255.366     1287.115     1470.447
401  HKY+F+R2      565.733      59  1249.466     1281.215     1464.548
410  HKY+F+I+R2    564.124      60  1248.248     1281.221     1466.975
420  K2P+I         575.690      55  1261.381     1288.518     1461.881
422  K2P+I+G4      576.349      56  1264.699     1292.947     1468.844
423  K2P+R2        573.444      56  1258.888     1287.135     1463.033
432  K2P+I+R2      572.926      57  1259.851     1289.238     1467.642
442  F81+F+I       575.952      57  1265.904     1295.291     1473.695
444  F81+F+I+G4    576.633      58  1269.266     1299.820     1480.702
445  F81+F+R2      573.669      58  1263.338     1293.891     1474.774
454  F81+F+I+R2    573.299      59  1264.599     1296.348     1479.680
464  JC+I          584.962      54  1277.924     1303.977     1474.778
466  JC+I+G4       585.618      55  1281.235     1308.372     1481.735
467  JC+R2         582.742      55  1275.484     1302.621     1475.984
476  JC+I+R2       582.264      56  1276.528     1304.776     1480.673
Akaike Information Criterion:           TIM+F+I+R2
Corrected Akaike Information Criterion: TIM+F+I+R2
Bayesian Information Criterion:         TNe+I
Best-fit model: TNe+I chosen according to BIC

All model information printed to /app/outputs/analyses/485/20240624T090629/between_sample_distances/D/clade_D_seqs.aligned.fasta.model.gz
CPU time for ModelFinder: 16.811 seconds (0h:0m:16s)
Wall-clock time for ModelFinder: 6.571 seconds (0h:0m:6s)

NOTE: 0 MB RAM (0 GB) is required!
Estimate model parameters (epsilon = 0.100)
1. Initial log-likelihood: -572.158
Optimal log-likelihood: -572.158
Rate parameters:  A-C: 1.00000  A-G: 1.23809  A-T: 1.00000  C-G: 1.00000  C-T: 8.57412  G-T: 1.00000
Base frequencies:  A: 0.250  C: 0.250  G: 0.250  T: 0.250
Proportion of invariable sites: 0.904
Parameters optimization took 1 rounds (0.000 sec)
Wrote distance file to... 
Computing ML distances based on estimated model parameters...
Calculating distance matrix: done in 0.000880957 secs using 99.1% CPU
Computing ML distances took 0.000904 sec (of wall-clock time) 0.000899 sec (of CPU time)
Setting up auxiliary I and S matrices: done in 0.000184059 secs using 424.3% CPU
Constructing RapidNJ tree: done in 0.000249863 secs using 98.45% CPU
Computing RapidNJ tree took 0.000512 sec (of wall-clock time) 0.001106 sec (of CPU time)
Log-likelihood of RapidNJ tree: -569.486
--------------------------------------------------------------------
|             INITIALIZING CANDIDATE TREE SET                      |
--------------------------------------------------------------------
Generating 98 parsimony trees... 0.043 second
Computing log-likelihood of 98 initial trees ... 0.030 seconds
Current best score: -565.342

Do NNI search on 20 best initial trees
Optimizing NNI: done in 0.000931025 secs using 199.8% CPU
Estimate model parameters (epsilon = 0.100)
BETTER TREE FOUND at iteration 1: -565.041
Optimizing NNI: done in 0.00180793 secs using 200% CPU
Optimizing NNI: done in 0.00181007 secs using 199.9% CPU
Optimizing NNI: done in 0.001724 secs using 199.9% CPU
Optimizing NNI: done in 0.00179696 secs using 200% CPU
Optimizing NNI: done in 0.0017879 secs using 199.8% CPU
Optimizing NNI: done in 0.00177503 secs using 199.7% CPU
Optimizing NNI: done in 0.00243807 secs using 200% CPU
Optimizing NNI: done in 0.00177598 secs using 199.7% CPU
Optimizing NNI: done in 0.00176692 secs using 199.8% CPU
Iteration 10 / LogL: -568.351 / Time: 0h:0m:0s
Optimizing NNI: done in 0.00182509 secs using 147.2% CPU
Optimizing NNI: done in 0.00256991 secs using 199.8% CPU
Optimizing NNI: done in 0.00178695 secs using 199.7% CPU
Optimizing NNI: done in 0.00180387 secs using 199.8% CPU
Optimizing NNI: done in 0.00183821 secs using 199.7% CPU
Optimizing NNI: done in 0.00174785 secs using 199.7% CPU
Optimizing NNI: done in 0.00179791 secs using 199.6% CPU
Optimizing NNI: done in 0.00166988 secs using 198% CPU
Optimizing NNI: done in 0.00178099 secs using 199.7% CPU
Optimizing NNI: done in 0.00178909 secs using 200% CPU
Iteration 20 / LogL: -569.905 / Time: 0h:0m:0s
Finish initializing candidate tree set (20)
Current best tree score: -565.041 / CPU time: 0.115
Number of iterations: 20
--------------------------------------------------------------------
|               OPTIMIZING CANDIDATE TREE SET                      |
--------------------------------------------------------------------
Optimizing NNI: done in 0.00357795 secs using 199.8% CPU
Optimizing NNI: done in 0.00420594 secs using 176.4% CPU
Optimizing NNI: done in 0.00440407 secs using 199.6% CPU
Optimizing NNI: done in 0.00331593 secs using 199.8% CPU
Optimizing NNI: done in 0.0053122 secs using 199.9% CPU
Optimizing NNI: done in 0.002316 secs using 199.7% CPU
Optimizing NNI: done in 0.00255418 secs using 199.8% CPU
Optimizing NNI: done in 0.00445294 secs using 199.9% CPU
Optimizing NNI: done in 0.00334501 secs using 199.8% CPU
Optimizing NNI: done in 0.00263 secs using 199.8% CPU
Iteration 30 / LogL: -573.809 / Time: 0h:0m:0s (0h:0m:0s left)
Optimizing NNI: done in 0.00260997 secs using 199.8% CPU
Optimizing NNI: done in 0.00275207 secs using 199.8% CPU
Optimizing NNI: done in 0.00319695 secs using 200% CPU
Optimizing NNI: done in 0.00242209 secs using 199.9% CPU
Optimizing NNI: done in 0.00440288 secs using 200% CPU
Optimizing NNI: done in 0.00398898 secs using 199.9% CPU
Optimizing NNI: done in 0.00212598 secs using 199.9% CPU
Optimizing NNI: done in 0.00250196 secs using 199.9% CPU
Optimizing NNI: done in 0.00433517 secs using 200% CPU
Optimizing NNI: done in 0.00166512 secs using 200% CPU
Iteration 40 / LogL: -565.046 / Time: 0h:0m:0s (0h:0m:0s left)
Optimizing NNI: done in 0.00284505 secs using 199.8% CPU
Optimizing NNI: done in 0.00467896 secs using 199.9% CPU
Optimizing NNI: done in 0.00349092 secs using 179.1% CPU
Optimizing NNI: done in 0.00250912 secs using 99.96% CPU
Optimizing NNI: done in 0.00239801 secs using 99.92% CPU
Optimizing NNI: done in 0.00332093 secs using 99.94% CPU
Optimizing NNI: done in 0.00430298 secs using 99.98% CPU
Optimizing NNI: done in 0.003479 secs using 99.94% CPU
Optimizing NNI: done in 0.00343204 secs using 99.94% CPU
Optimizing NNI: done in 0.00739694 secs using 99.97% CPU
Iteration 50 / LogL: -565.047 / Time: 0h:0m:0s (0h:0m:0s left)
Optimizing NNI: done in 0.00257897 secs using 99.96% CPU
Optimizing NNI: done in 0.00569606 secs using 100% CPU
Optimizing NNI: done in 0.00251198 secs using 99.92% CPU
Optimizing NNI: done in 0.00275302 secs using 100% CPU
Optimizing NNI: done in 0.00449491 secs using 99.96% CPU
Optimizing NNI: done in 0.003371 secs using 99.97% CPU
Optimizing NNI: done in 0.00498581 secs using 100% CPU
Optimizing NNI: done in 0.00274205 secs using 99.96% CPU
Optimizing NNI: done in 0.00266695 secs using 99.93% CPU
Optimizing NNI: done in 0.00260496 secs using 99.92% CPU
Iteration 60 / LogL: -565.045 / Time: 0h:0m:0s (0h:0m:0s left)
Optimizing NNI: done in 0.00235605 secs using 99.96% CPU
Optimizing NNI: done in 0.0024879 secs using 99.92% CPU
Optimizing NNI: done in 0.00515699 secs using 99.96% CPU
Optimizing NNI: done in 0.002599 secs using 99.92% CPU
Optimizing NNI: done in 0.00338793 secs using 100% CPU
Optimizing NNI: done in 0.00345802 secs using 99.94% CPU
Optimizing NNI: done in 0.00248003 secs using 99.96% CPU
Optimizing NNI: done in 0.00250721 secs using 99.91% CPU
Optimizing NNI: done in 0.00261688 secs using 74.86% CPU
Optimizing NNI: done in 0.00343108 secs using 99.94% CPU
Iteration 70 / LogL: -565.045 / Time: 0h:0m:0s (0h:0m:0s left)
Optimizing NNI: done in 0.00264406 secs using 99.92% CPU
Optimizing NNI: done in 0.002527 secs using 99.92% CPU
Optimizing NNI: done in 0.00426698 secs using 99.98% CPU
Optimizing NNI: done in 0.00507283 secs using 99.94% CPU
Optimizing NNI: done in 0.00432992 secs using 99.96% CPU
Optimizing NNI: done in 0.00508213 secs using 99.98% CPU
Optimizing NNI: done in 0.00329304 secs using 99.97% CPU
Optimizing NNI: done in 0.00413203 secs using 99.95% CPU
Optimizing NNI: done in 0.00355101 secs using 99.97% CPU
Optimizing NNI: done in 0.00251007 secs using 99.96% CPU
Iteration 80 / LogL: -565.044 / Time: 0h:0m:0s (0h:0m:0s left)
Optimizing NNI: done in 0.00315309 secs using 99.97% CPU
Optimizing NNI: done in 0.00264597 secs using 99.93% CPU
Optimizing NNI: done in 0.00256586 secs using 99.93% CPU
Optimizing NNI: done in 0.00318313 secs using 77.19% CPU
Optimizing NNI: done in 0.00348186 secs using 99.26% CPU
Optimizing NNI: done in 0.00307798 secs using 99.87% CPU
Optimizing NNI: done in 0.00243092 secs using 99.92% CPU
Optimizing NNI: done in 0.00350308 secs using 99.94% CPU
Optimizing NNI: done in 0.00258708 secs using 99.96% CPU
Optimizing NNI: done in 0.00258398 secs using 99.92% CPU
Iteration 90 / LogL: -565.045 / Time: 0h:0m:0s (0h:0m:0s left)
Optimizing NNI: done in 0.00440502 secs using 99.98% CPU
Optimizing NNI: done in 0.00258517 secs using 99.95% CPU
Optimizing NNI: done in 0.00327587 secs using 99.94% CPU
Optimizing NNI: done in 0.00415683 secs using 99.96% CPU
Optimizing NNI: done in 0.00250602 secs using 99.96% CPU
Optimizing NNI: done in 0.00356102 secs using 99.97% CPU
Optimizing NNI: done in 0.00324893 secs using 99.97% CPU
Optimizing NNI: done in 0.00333786 secs using 99.97% CPU
Optimizing NNI: done in 0.00350404 secs using 99.97% CPU
Optimizing NNI: done in 0.00341606 secs using 100% CPU
Iteration 100 / LogL: -565.047 / Time: 0h:0m:0s (0h:0m:0s left)
Optimizing NNI: done in 0.00214601 secs using 99.91% CPU
Optimizing NNI: done in 0.00325894 secs using 99.94% CPU
TREE SEARCH COMPLETED AFTER 102 ITERATIONS / Time: 0h:0m:0s

--------------------------------------------------------------------
|                    FINALIZING TREE SEARCH                        |
--------------------------------------------------------------------
Performs final model parameters optimization
Estimate model parameters (epsilon = 0.010)
1. Initial log-likelihood: -565.041
Optimal log-likelihood: -565.041
Rate parameters:  A-C: 1.00000  A-G: 1.57192  A-T: 1.00000  C-G: 1.00000  C-T: 12.19823  G-T: 1.00000
Base frequencies:  A: 0.250  C: 0.250  G: 0.250  T: 0.250
Proportion of invariable sites: 0.898
Parameters optimization took 1 rounds (0.001 sec)
BEST SCORE FOUND : -565.041
Total tree length: 0.104

Total number of iterations: 102
CPU time used for tree search: 0.616 sec (0h:0m:0s)
Wall-clock time used for tree search: 0.420 sec (0h:0m:0s)
Total CPU time used: 0.628 sec (0h:0m:0s)
Total wall-clock time used: 0.431 sec (0h:0m:0s)

Analysis results written to: 
  IQ-TREE report:                /app/outputs/analyses/485/20240624T090629/between_sample_distances/D/clade_D_seqs.aligned.fasta.iqtree
  Maximum-likelihood tree:       /app/outputs/analyses/485/20240624T090629/between_sample_distances/D/clade_D_seqs.aligned.fasta.treefile
  Likelihood distances:          /app/outputs/analyses/485/20240624T090629/between_sample_distances/D/clade_D_seqs.aligned.fasta.mldist
  Screen log file:               /app/outputs/analyses/485/20240624T090629/between_sample_distances/D/clade_D_seqs.aligned.fasta.log

Date and Time: Mon Jun 24 04:07:21 2024
