IQ-TREE multicore version 2.2.2.3 COVID-edition for Linux 64-bit built Apr  7 2023
Developed by Bui Quang Minh, James Barbetti, Nguyen Lam Tung,
Olga Chernomor, Heiko Schmidt, Dominik Schrempf, Michael Woodhams, Ly Trong Nhan.

Host:    ed24928f79f5 (AVX512, FMA3, 62 GB RAM)
Command: iqtree -T AUTO --threads-max 2 -s /app/outputs/analyses/485/20240624T090629/between_sample_distances/C/clade_C_seqs.aligned.fasta
Seed:    57358 (Using SPRNG - Scalable Parallel Random Number Generator)
Time:    Mon Jun 24 04:07:07 2024
Kernel:  AVX+FMA - auto-detect threads (36 CPU cores detected)

Reading alignment file /app/outputs/analyses/485/20240624T090629/between_sample_distances/C/clade_C_seqs.aligned.fasta ... Fasta format detected
Reading fasta file: done in 0.000786066 secs
Alignment most likely contains DNA/RNA sequences
Constructing alignment: done in 0.00095892 secs using 1260% CPU
Alignment has 46 sequences with 280 columns, 58 distinct patterns
11 parsimony-informative, 23 singleton sites, 246 constant sites
         Gap/Ambiguity  Composition  p-value
Analyzing sequences: done in 5.50747e-05 secs using 3414% CPU
   1  517        6.07%    passed     98.25%
   2  471943     7.14%    passed     98.76%
   3  70921      7.86%    passed     99.85%
   4  38924      8.57%    passed     98.57%
   5  70928     12.86%    passed     97.30%
   6  70933      7.86%    passed     99.85%
   7  32         6.07%    passed     96.08%
   8  70818      7.86%    passed     99.73%
   9  70819      7.14%    passed     99.59%
  10  70820      8.57%    passed     99.62%
  11  70821      8.57%    passed     99.91%
  12  70822      7.14%    passed     99.34%
  13  41         8.57%    passed     99.68%
  14  49066      7.86%    passed    100.00%
  15  70954      5.71%    passed     96.30%
  16  70956      7.14%    passed     99.97%
  17  70829      7.14%    passed     99.97%
  18  70830      8.57%    passed     99.46%
  19  70831      8.57%    passed     99.91%
  20  1249193    7.86%    passed     99.91%
  21  480050     7.86%    passed     99.73%
  22  70839     12.86%    passed     99.02%
  23  70840      6.79%    passed     99.93%
  24  70841      7.86%    passed     99.74%
  25  70842      7.14%    passed     99.59%
  26  70843      7.86%    passed     99.91%
  27  70844      6.43%    passed     99.96%
  28  70846      5.71%    passed     99.69%
  29  70847      7.14%    passed     99.97%
  30  70849      7.14%    passed     98.76%
  31  38854      8.57%    passed     99.96%
  32  455374     7.14%    passed     98.76%
  33  70991      7.14%    passed     98.90%
  34  859        6.07%    passed     97.41%
  35  42589      8.57%    passed     99.96%
  36  42593      7.86%    passed     99.08%
  37  71011      7.14%    passed     98.90%
  38  869        6.07%    passed     97.41%
  39  42607      8.57%    passed     98.56%
  40  62831      7.14%    passed     99.79%
  41  62833      7.14%    passed     99.34%
  42  62834      7.14%    passed     99.97%
  43  70899      6.07%    passed     97.41%
  44  62836      7.50%    passed     99.97%
  45  62837      7.50%    passed     99.98%
  46  456047     7.14%    passed     98.90%
****  TOTAL      7.62%  0 sequences failed composition chi2 test (p-value<5%; df=3)
Checking for duplicate sequences: done in 0.000282049 secs using 3474% CPU


Create initial parsimony tree by phylogenetic likelihood library (PLL)... 0.001 seconds
Measuring multi-threading efficiency up to 2 CPU cores
Increase to 10 rounds for branch lengths
589 trees examined
Threads: 1 / Time: 2.002 sec / Speedup: 1.000 / Efficiency: 100% / LogL: -841
Threads: 2 / Time: 2.545 sec / Speedup: 0.787 / Efficiency: 39% / LogL: -841
Determining AUTO threadcount: done in 4.54778 secs using 301.4% CPU
BEST NUMBER OF THREADS: 1

Perform fast likelihood tree search using GTR+I+G model...
Estimate model parameters (epsilon = 5.000)
Perform nearest neighbor interchange...
Optimizing NNI: done in 0.00280595 secs using 199.8% CPU
Estimate model parameters (epsilon = 1.000)
1. Initial log-likelihood: -663.481
Optimal log-likelihood: -663.242
Rate parameters:  A-C: 1.14022  A-G: 2.10954  A-T: 0.00010  C-G: 1.29993  C-T: 3.51842  G-T: 1.00000
Warning! Some parameters hit the boundaries
Base frequencies:  A: 0.166  C: 0.252  G: 0.233  T: 0.348
Proportion of invariable sites: 0.438
Gamma shape alpha: 3.081
Parameters optimization took 1 rounds (0.005 sec)
Time for fast ML tree search: 0.024 seconds

NOTE: ModelFinder requires 0 MB RAM!
ModelFinder will test up to 484 DNA models (sample size: 280) ...
 No. Model         -LnL         df  AIC          AICc         BIC
  1  GTR+F         664.611      97  1523.222     1627.684     1875.797
  2  GTR+F+I       663.006      98  1522.011     1629.216     1878.221
  3  GTR+F+G4      662.928      98  1521.856     1629.061     1878.065
  4  GTR+F+I+G4    662.967      99  1523.933     1633.933     1883.777
  5  GTR+F+R2      663.387      99  1524.774     1634.774     1884.618
  6  GTR+F+R3      663.016      101 1528.032     1643.785     1895.146
 14  GTR+F+I+R2    663.057      100 1526.113     1638.962     1889.592
 15  GTR+F+I+R3    662.984      102 1529.968     1648.680     1900.717
 23  SYM           673.225      94  1534.450     1630.990     1876.120
 24  SYM+I         671.718      95  1533.436     1632.566     1878.741
 25  SYM+G4        671.661      95  1533.323     1632.453     1878.628
 26  SYM+I+G4      671.669      96  1535.338     1637.108     1884.277
 27  SYM+R2        672.038      96  1536.077     1637.847     1885.016
 45  TVM+F         665.179      96  1522.358     1624.129     1871.298
 46  TVM+F+I       663.522      97  1521.043     1625.505     1873.618
 47  TVM+F+G4      663.435      97  1520.869     1625.331     1873.444
 48  TVM+F+I+G4    663.469      98  1522.939     1630.143     1879.148
 49  TVM+F+R2      663.922      98  1523.845     1631.049     1880.054
 67  TVMe          675.269      93  1536.539     1630.539     1874.574
 68  TVMe+I        673.631      94  1535.262     1631.802     1876.932
 69  TVMe+G4       673.546      94  1535.092     1631.633     1876.763
 70  TVMe+I+G4     673.654      95  1537.309     1636.439     1882.614
 71  TVMe+R2       674.025      95  1538.049     1637.180     1883.354
 89  TIM3+F        668.431      95  1526.863     1625.993     1872.168
 90  TIM3+F+I      666.641      96  1525.282     1627.052     1874.222
 91  TIM3+F+G4     666.564      96  1525.128     1626.899     1874.068
 92  TIM3+F+I+G4   666.581      97  1527.161     1631.623     1879.736
 93  TIM3+F+R2     667.119      97  1528.237     1632.699     1880.812
111  TIM3e         677.942      92  1539.885     1631.393     1874.285
112  TIM3e+I       676.204      93  1538.408     1632.408     1876.443
113  TIM3e+G4      676.148      93  1538.297     1632.297     1876.332
114  TIM3e+I+G4    676.165      94  1540.330     1636.871     1882.000
115  TIM3e+R2      676.685      94  1541.370     1637.911     1883.041
133  TIM2+F        667.193      95  1524.386     1623.517     1869.691
134  TIM2+F+I      665.622      96  1523.244     1625.015     1872.184
135  TIM2+F+G4     665.558      96  1523.115     1624.886     1872.055
136  TIM2+F+I+G4   665.580      97  1525.160     1629.622     1877.735
137  TIM2+F+R2     666.003      97  1526.006     1630.467     1878.580
155  TIM2e         675.616      92  1535.232     1626.740     1869.632
156  TIM2e+I       674.018      93  1534.037     1628.037     1872.072
157  TIM2e+G4      673.973      93  1533.946     1627.946     1871.982
158  TIM2e+I+G4    673.991      94  1535.982     1632.523     1877.652
159  TIM2e+R2      674.418      94  1536.837     1633.377     1878.507
177  TIM+F         668.693      95  1527.387     1626.517     1872.692
178  TIM+F+I       666.931      96  1525.861     1627.632     1874.801
179  TIM+F+G4      666.866      96  1525.733     1627.503     1874.673
180  TIM+F+I+G4    666.883      97  1527.766     1632.228     1880.341
181  TIM+F+R2      667.401      97  1528.803     1633.264     1881.377
199  TIMe          677.839      92  1539.679     1631.187     1874.079
200  TIMe+I        676.063      93  1538.126     1632.126     1876.161
201  TIMe+G4       676.016      93  1538.032     1632.032     1876.067
202  TIMe+I+G4     676.032      94  1540.063     1636.604     1881.733
203  TIMe+R2       676.543      94  1541.086     1637.627     1882.757
221  TPM3u+F       669.018      94  1526.037     1622.577     1867.707
222  TPM3u+F+I     667.140      95  1524.280     1623.411     1869.585
223  TPM3u+F+G4    667.058      95  1524.115     1623.246     1869.420
224  TPM3u+F+I+G4  667.070      96  1526.140     1627.911     1875.080
225  TPM3u+F+R2    667.694      96  1527.389     1629.159     1876.329
243  TPM3          679.948      91  1541.895     1630.959     1872.661
244  TPM3+I        678.130      92  1540.260     1631.768     1874.661
245  TPM3+G4       678.056      92  1540.112     1631.620     1874.513
246  TPM3+I+G4     678.070      93  1542.141     1636.141     1880.176
247  TPM3+R2       678.655      93  1543.309     1637.309     1881.344
265  TPM2u+F       667.778      94  1523.557     1620.097     1865.227
266  TPM2u+F+I     666.142      95  1522.285     1621.415     1867.590
267  TPM2u+F+G4    666.068      95  1522.135     1621.266     1867.440
268  TPM2u+F+I+G4  666.088      96  1524.177     1625.947     1873.117
269  TPM2u+F+R2    666.559      96  1525.118     1626.888     1874.057
287  TPM2          677.618      91  1537.236     1626.299     1868.001
288  TPM2+I        675.941      92  1535.882     1627.390     1870.282
289  TPM2+G4       675.868      92  1535.735     1627.243     1870.136
290  TPM2+I+G4     675.887      93  1537.775     1631.775     1875.810
291  TPM2+R2       676.381      93  1538.762     1632.762     1876.797
309  K3Pu+F        669.281      94  1526.562     1623.103     1868.233
310  K3Pu+F+I      667.428      95  1524.856     1623.986     1870.161
311  K3Pu+F+G4     667.357      95  1524.715     1623.845     1870.020
312  K3Pu+F+I+G4   667.371      96  1526.741     1628.512     1875.681
313  K3Pu+F+R2     667.950      96  1527.899     1629.670     1876.839
331  K3P           679.845      91  1541.689     1630.753     1872.455
332  K3P+I         678.000      92  1540.001     1631.509     1874.401
333  K3P+G4        677.935      92  1539.870     1631.378     1874.270
334  K3P+I+G4      677.948      93  1541.897     1635.897     1879.932
335  K3P+R2        678.519      93  1543.038     1637.038     1881.073
353  TN+F          669.094      94  1526.187     1622.728     1867.858
354  TN+F+I        667.308      95  1524.616     1623.746     1869.921
355  TN+F+G4       667.243      95  1524.487     1623.617     1869.792
356  TN+F+I+G4     667.259      96  1526.518     1628.288     1875.458
357  TN+F+R2       667.790      96  1527.580     1629.351     1876.520
375  TNe           678.343      91  1538.686     1627.749     1869.451
376  TNe+I         676.563      92  1537.126     1628.634     1871.527
377  TNe+G4        676.517      92  1537.033     1628.541     1871.434
378  TNe+I+G4      676.532      93  1539.064     1633.064     1877.100
379  TNe+R2        677.069      93  1540.138     1634.138     1878.173
397  HKY+F         669.681      93  1525.362     1619.362     1863.398
398  HKY+F+I       667.802      94  1523.605     1620.145     1865.275
399  HKY+F+G4      667.732      94  1523.464     1620.005     1865.134
400  HKY+F+I+G4    667.744      95  1525.489     1624.619     1870.794
401  HKY+F+R2      668.363      95  1526.727     1625.857     1872.032
419  K2P           680.347      90  1540.695     1627.361     1867.826
420  K2P+I         678.500      91  1538.999     1628.063     1869.765
421  K2P+G4        678.435      91  1538.870     1627.934     1869.636
422  K2P+I+G4      678.448      92  1540.897     1632.405     1875.298
423  K2P+R2        679.045      92  1542.090     1633.598     1876.490
441  F81+F         675.056      92  1534.113     1625.621     1868.513
442  F81+F+I       673.084      93  1532.167     1626.167     1870.202
443  F81+F+G4      673.006      93  1532.013     1626.013     1870.048
444  F81+F+I+G4    673.015      94  1534.030     1630.570     1875.700
445  F81+F+R2      673.700      94  1535.400     1631.940     1877.070
463  JC            686.277      89  1550.553     1634.869     1874.049
464  JC+I          684.423      90  1548.847     1635.513     1875.978
465  JC+G4         684.357      90  1548.715     1635.381     1875.846
466  JC+I+G4       684.370      91  1550.740     1639.804     1881.506
467  JC+R2         684.971      91  1551.943     1641.006     1882.708
Akaike Information Criterion:           TVM+F+G4
Corrected Akaike Information Criterion: HKY+F
Bayesian Information Criterion:         HKY+F
Best-fit model: HKY+F chosen according to BIC

All model information printed to /app/outputs/analyses/485/20240624T090629/between_sample_distances/C/clade_C_seqs.aligned.fasta.model.gz
CPU time for ModelFinder: 15.081 seconds (0h:0m:15s)
Wall-clock time for ModelFinder: 5.223 seconds (0h:0m:5s)

NOTE: 0 MB RAM (0 GB) is required!
Estimate model parameters (epsilon = 0.100)
1. Initial log-likelihood: -669.681
Optimal log-likelihood: -669.681
Rate parameters:  A-C: 1.00000  A-G: 2.85253  A-T: 1.00000  C-G: 1.00000  C-T: 2.85253  G-T: 1.00000
Base frequencies:  A: 0.166  C: 0.252  G: 0.233  T: 0.348
Parameters optimization took 1 rounds (0.001 sec)
Wrote distance file to... 
Computing ML distances based on estimated model parameters...
Calculating distance matrix: done in 0.00278401 secs using 99.42% CPU
Computing ML distances took 0.002807 sec (of wall-clock time) 0.002793 sec (of CPU time)
Setting up auxiliary I and S matrices: done in 0.000185966 secs using 98.4% CPU
Constructing RapidNJ tree: done in 0.000324011 secs using 307.1% CPU
Computing RapidNJ tree took 0.000565 sec (of wall-clock time) 0.001235 sec (of CPU time)
Log-likelihood of RapidNJ tree: -665.939
--------------------------------------------------------------------
|             INITIALIZING CANDIDATE TREE SET                      |
--------------------------------------------------------------------
Generating 98 parsimony trees... 0.070 second
Computing log-likelihood of 98 initial trees ... 0.059 seconds
Current best score: -665.174

Do NNI search on 20 best initial trees
Optimizing NNI: done in 0.0029881 secs using 198.5% CPU
Estimate model parameters (epsilon = 0.100)
BETTER TREE FOUND at iteration 1: -665.114
Optimizing NNI: done in 0.003088 secs using 199.3% CPU
BETTER TREE FOUND at iteration 2: -665.113
Optimizing NNI: done in 0.00303197 secs using 199.7% CPU
BETTER TREE FOUND at iteration 3: -665.113
Optimizing NNI: done in 0.00309801 secs using 199.8% CPU
Optimizing NNI: done in 0.00310493 secs using 199.8% CPU
Optimizing NNI: done in 0.00309801 secs using 199.8% CPU
Optimizing NNI: done in 0.00308204 secs using 199.7% CPU
Optimizing NNI: done in 0.00320315 secs using 200% CPU
Optimizing NNI: done in 0.0030551 secs using 199.9% CPU
Optimizing NNI: done in 0.00148296 secs using 199.6% CPU
Iteration 10 / LogL: -665.896 / Time: 0h:0m:0s
Optimizing NNI: done in 0.00312281 secs using 200.1% CPU
Optimizing NNI: done in 0.00157189 secs using 199.8% CPU
Optimizing NNI: done in 0.00313616 secs using 200% CPU
Optimizing NNI: done in 0.00314403 secs using 200% CPU
Optimizing NNI: done in 0.00675821 secs using 199.9% CPU
Estimate model parameters (epsilon = 0.100)
BETTER TREE FOUND at iteration 15: -665.037
Optimizing NNI: done in 0.00308609 secs using 198.2% CPU
Optimizing NNI: done in 0.003052 secs using 199.8% CPU
Optimizing NNI: done in 0.00311399 secs using 199.7% CPU
Optimizing NNI: done in 0.00317383 secs using 199.7% CPU
Optimizing NNI: done in 0.00318289 secs using 195.9% CPU
Iteration 20 / LogL: -666.660 / Time: 0h:0m:0s
Finish initializing candidate tree set (20)
Current best tree score: -665.037 / CPU time: 0.201
Number of iterations: 20
--------------------------------------------------------------------
|               OPTIMIZING CANDIDATE TREE SET                      |
--------------------------------------------------------------------
Optimizing NNI: done in 0.00543308 secs using 99.96% CPU
Optimizing NNI: done in 0.00280809 secs using 99.96% CPU
Optimizing NNI: done in 0.00712204 secs using 99.99% CPU
Optimizing NNI: done in 0.00300694 secs using 99.94% CPU
Optimizing NNI: done in 0.00436902 secs using 99.95% CPU
Optimizing NNI: done in 0.00553012 secs using 99.96% CPU
Optimizing NNI: done in 0.0050149 secs using 99.98% CPU
Optimizing NNI: done in 0.00383806 secs using 99.97% CPU
Optimizing NNI: done in 0.0029192 secs using 99.89% CPU
Optimizing NNI: done in 0.00583506 secs using 99.98% CPU
Iteration 30 / LogL: -665.042 / Time: 0h:0m:0s (0h:0m:0s left)
Optimizing NNI: done in 0.0058012 secs using 99.96% CPU
Optimizing NNI: done in 0.00398088 secs using 99.95% CPU
Optimizing NNI: done in 0.00546503 secs using 99.98% CPU
Optimizing NNI: done in 0.00547099 secs using 99.96% CPU
Optimizing NNI: done in 0.00462413 secs using 99.98% CPU
Optimizing NNI: done in 0.00414181 secs using 99.96% CPU
Optimizing NNI: done in 0.00529695 secs using 99.96% CPU
Optimizing NNI: done in 0.00467515 secs using 99.98% CPU
Optimizing NNI: done in 0.00404191 secs using 99.93% CPU
Optimizing NNI: done in 0.00454998 secs using 99.96% CPU
Iteration 40 / LogL: -670.354 / Time: 0h:0m:0s (0h:0m:0s left)
Optimizing NNI: done in 0.00401211 secs using 99.95% CPU
Optimizing NNI: done in 0.00366306 secs using 99.94% CPU
Optimizing NNI: done in 0.00658393 secs using 99.97% CPU
Optimizing NNI: done in 0.00450397 secs using 99.96% CPU
Optimizing NNI: done in 0.00478983 secs using 99.98% CPU
Optimizing NNI: done in 0.00395203 secs using 99.95% CPU
Optimizing NNI: done in 0.00558019 secs using 99.96% CPU
Optimizing NNI: done in 0.00408912 secs using 99.97% CPU
Optimizing NNI: done in 0.00710511 secs using 99.98% CPU
Optimizing NNI: done in 0.00598407 secs using 99.97% CPU
Iteration 50 / LogL: -665.040 / Time: 0h:0m:0s (0h:0m:0s left)
Optimizing NNI: done in 0.00364089 secs using 99.95% CPU
Optimizing NNI: done in 0.00572085 secs using 99.95% CPU
Optimizing NNI: done in 0.00531793 secs using 99.98% CPU
Optimizing NNI: done in 0.00435901 secs using 99.98% CPU
Optimizing NNI: done in 0.00259995 secs using 99.89% CPU
Optimizing NNI: done in 0.00454092 secs using 99.76% CPU
Optimizing NNI: done in 0.00611091 secs using 99.97% CPU
Optimizing NNI: done in 0.00422311 secs using 99.97% CPU
Optimizing NNI: done in 0.00561905 secs using 99.98% CPU
Optimizing NNI: done in 0.00416708 secs using 99.97% CPU
Iteration 60 / LogL: -665.040 / Time: 0h:0m:0s (0h:0m:0s left)
Optimizing NNI: done in 0.00269103 secs using 99.92% CPU
Optimizing NNI: done in 0.00536895 secs using 99.98% CPU
Optimizing NNI: done in 0.00399089 secs using 99.95% CPU
Optimizing NNI: done in 0.00536799 secs using 99.96% CPU
Optimizing NNI: done in 0.00288486 secs using 99.94% CPU
Optimizing NNI: done in 0.00409889 secs using 99.95% CPU
Optimizing NNI: done in 0.006001 secs using 99.98% CPU
Optimizing NNI: done in 0.0080092 secs using 99.97% CPU
Optimizing NNI: done in 0.00496984 secs using 99.98% CPU
Optimizing NNI: done in 0.00733209 secs using 99.99% CPU
Iteration 70 / LogL: -665.040 / Time: 0h:0m:0s (0h:0m:0s left)
Optimizing NNI: done in 0.006006 secs using 99.97% CPU
Optimizing NNI: done in 0.00287604 secs using 99.93% CPU
Optimizing NNI: done in 0.00528216 secs using 99.96% CPU
Optimizing NNI: done in 0.00483298 secs using 99.98% CPU
Optimizing NNI: done in 0.0049808 secs using 99.96% CPU
Optimizing NNI: done in 0.00692701 secs using 99.97% CPU
Optimizing NNI: done in 0.00531888 secs using 99.98% CPU
Optimizing NNI: done in 0.00428295 secs using 99.98% CPU
Optimizing NNI: done in 0.00488997 secs using 99.8% CPU
Optimizing NNI: done in 0.00381303 secs using 99.95% CPU
Iteration 80 / LogL: -665.040 / Time: 0h:0m:0s (0h:0m:0s left)
Optimizing NNI: done in 0.0027771 secs using 99.92% CPU
Optimizing NNI: done in 0.00769281 secs using 99.99% CPU
Optimizing NNI: done in 0.00404501 secs using 99.95% CPU
Optimizing NNI: done in 0.00463986 secs using 99.98% CPU
Optimizing NNI: done in 0.00482702 secs using 99.98% CPU
Optimizing NNI: done in 0.00295305 secs using 99.9% CPU
Optimizing NNI: done in 0.00350499 secs using 99.91% CPU
Optimizing NNI: done in 0.00416708 secs using 99.95% CPU
Optimizing NNI: done in 0.00446606 secs using 99.95% CPU
Optimizing NNI: done in 0.00430107 secs using 99.93% CPU
Iteration 90 / LogL: -665.041 / Time: 0h:0m:0s (0h:0m:0s left)
Optimizing NNI: done in 0.00672817 secs using 99.86% CPU
Optimizing NNI: done in 0.0039711 secs using 99.97% CPU
Optimizing NNI: done in 0.00733399 secs using 99.99% CPU
Optimizing NNI: done in 0.00630903 secs using 99.98% CPU
Optimizing NNI: done in 0.00574183 secs using 99.99% CPU
Optimizing NNI: done in 0.00443506 secs using 99.98% CPU
Optimizing NNI: done in 0.00450087 secs using 99.98% CPU
Optimizing NNI: done in 0.00291586 secs using 99.94% CPU
Optimizing NNI: done in 0.00564194 secs using 99.98% CPU
Optimizing NNI: done in 0.0067389 secs using 99.97% CPU
Iteration 100 / LogL: -665.041 / Time: 0h:0m:0s (0h:0m:0s left)
Optimizing NNI: done in 0.00437403 secs using 99.93% CPU
Optimizing NNI: done in 0.00482798 secs using 99.94% CPU
Optimizing NNI: done in 0.00277495 secs using 99.93% CPU
Optimizing NNI: done in 0.00368905 secs using 99.97% CPU
Optimizing NNI: done in 0.00406885 secs using 99.95% CPU
Optimizing NNI: done in 0.00518203 secs using 99.96% CPU
Optimizing NNI: done in 0.00594902 secs using 99.97% CPU
Optimizing NNI: done in 0.00142217 secs using 99.85% CPU
Optimizing NNI: done in 0.00379086 secs using 99.95% CPU
Optimizing NNI: done in 0.00496602 secs using 99.98% CPU
Iteration 110 / LogL: -665.040 / Time: 0h:0m:0s (0h:0m:0s left)
Optimizing NNI: done in 0.0047338 secs using 99.96% CPU
Optimizing NNI: done in 0.00542879 secs using 99.99% CPU
Optimizing NNI: done in 0.00748682 secs using 99.96% CPU
Optimizing NNI: done in 0.00344515 secs using 99.97% CPU
Optimizing NNI: done in 0.0056901 secs using 99.96% CPU
Optimizing NNI: done in 0.00373816 secs using 99.92% CPU
TREE SEARCH COMPLETED AFTER 116 ITERATIONS / Time: 0h:0m:0s

--------------------------------------------------------------------
|                    FINALIZING TREE SEARCH                        |
--------------------------------------------------------------------
Performs final model parameters optimization
Estimate model parameters (epsilon = 0.010)
1. Initial log-likelihood: -665.037
Optimal log-likelihood: -665.037
Rate parameters:  A-C: 1.00000  A-G: 3.14148  A-T: 1.00000  C-G: 1.00000  C-T: 3.14148  G-T: 1.00000
Base frequencies:  A: 0.166  C: 0.252  G: 0.233  T: 0.348
Parameters optimization took 1 rounds (0.001 sec)
BEST SCORE FOUND : -665.037
Total tree length: 0.155

Total number of iterations: 116
CPU time used for tree search: 0.918 sec (0h:0m:0s)
Wall-clock time used for tree search: 0.723 sec (0h:0m:0s)
Total CPU time used: 0.932 sec (0h:0m:0s)
Total wall-clock time used: 0.736 sec (0h:0m:0s)

Analysis results written to: 
  IQ-TREE report:                /app/outputs/analyses/485/20240624T090629/between_sample_distances/C/clade_C_seqs.aligned.fasta.iqtree
  Maximum-likelihood tree:       /app/outputs/analyses/485/20240624T090629/between_sample_distances/C/clade_C_seqs.aligned.fasta.treefile
  Likelihood distances:          /app/outputs/analyses/485/20240624T090629/between_sample_distances/C/clade_C_seqs.aligned.fasta.mldist
  Screen log file:               /app/outputs/analyses/485/20240624T090629/between_sample_distances/C/clade_C_seqs.aligned.fasta.log

Date and Time: Mon Jun 24 04:07:13 2024
