IQ-TREE multicore version 2.2.2.3 COVID-edition for Linux 64-bit built Apr  7 2023
Developed by Bui Quang Minh, James Barbetti, Nguyen Lam Tung,
Olga Chernomor, Heiko Schmidt, Dominik Schrempf, Michael Woodhams, Ly Trong Nhan.

Host:    ed24928f79f5 (AVX512, FMA3, 62 GB RAM)
Command: iqtree -T AUTO --threads-max 2 -s /app/outputs/analyses/485/20240624T090629/between_profile_distances/C/clade_C_seqs.aligned.fasta
Seed:    881409 (Using SPRNG - Scalable Parallel Random Number Generator)
Time:    Mon Jun 24 04:06:47 2024
Kernel:  AVX+FMA - auto-detect threads (36 CPU cores detected)

Reading alignment file /app/outputs/analyses/485/20240624T090629/between_profile_distances/C/clade_C_seqs.aligned.fasta ... Fasta format detected
Reading fasta file: done in 0.000201941 secs using 0.9904% CPU
Alignment most likely contains DNA/RNA sequences
Constructing alignment: done in 0.000793934 secs using 2645% CPU
Alignment has 10 sequences with 265 columns, 21 distinct patterns
2 parsimony-informative, 11 singleton sites, 252 constant sites
        Gap/Ambiguity  Composition  p-value
Analyzing sequences: done in 2.40803e-05 secs using 506.6% CPU
   1  70818     2.64%    passed     99.80%
   2  70819     1.89%    passed     99.66%
   3  517       0.75%    passed     97.94%
   4  41        3.40%    passed     99.59%
   5  49066     2.64%    passed    100.00%
   6  38924     3.40%    passed     98.31%
   7  455374    1.89%    passed     98.98%
   8  62831     1.89%    passed     99.85%
   9  62833     1.89%    passed     99.53%
  10  62837     2.26%    passed     99.99%
****  TOTAL     2.26%  0 sequences failed composition chi2 test (p-value<5%; df=3)
Checking for duplicate sequences: done in 7.39098e-05 secs using 3617% CPU


Create initial parsimony tree by phylogenetic likelihood library (PLL)... 0.000 seconds
Measuring multi-threading efficiency up to 2 CPU cores
Increase to 10 rounds for branch lengths
7857 trees examined
Threads: 1 / Time: 2.000 sec / Speedup: 1.000 / Efficiency: 100% / LogL: -464
Threads: 2 / Time: 2.454 sec / Speedup: 0.815 / Efficiency: 41% / LogL: -464
Determining AUTO threadcount: done in 4.45385 secs using 303.4% CPU
BEST NUMBER OF THREADS: 1

Perform fast likelihood tree search using GTR+I+G model...
Estimate model parameters (epsilon = 5.000)
Perform nearest neighbor interchange...
Optimizing NNI: done in 0.000361919 secs using 198.4% CPU
Estimate model parameters (epsilon = 1.000)
1. Initial log-likelihood: -443.191
2. Current log-likelihood: -441.877
Optimal log-likelihood: -441.599
Rate parameters:  A-C: 1.05794  A-G: 2.29843  A-T: 0.00010  C-G: 0.71600  C-T: 3.72202  G-T: 1.00000
Warning! Some parameters hit the boundaries
Base frequencies:  A: 0.167  C: 0.253  G: 0.232  T: 0.348
Proportion of invariable sites: 0.473
Gamma shape alpha: 998.447
Parameters optimization took 2 rounds (0.003 sec)
Time for fast ML tree search: 0.005 seconds

NOTE: ModelFinder requires 0 MB RAM!
ModelFinder will test up to 484 DNA models (sample size: 265) ...
 No. Model         -LnL         df  AIC          AICc         BIC
  1  GTR+F         441.349      25  932.699      938.138      1022.192
  2  GTR+F+I       441.346      26  934.691      940.590      1027.764
  3  GTR+F+G4      441.346      26  934.691      940.591      1027.764
  4  GTR+F+I+G4    441.588      27  937.176      943.555      1033.828
  5  GTR+F+R2      441.461      27  936.921      943.301      1033.574
  6  GTR+F+R3      441.486      29  940.971      948.375      1044.783
 14  GTR+F+I+R2    441.790      28  939.579      946.461      1039.812
 15  GTR+F+I+R3    441.734      30  943.468      951.417      1050.860
 23  SYM           449.972      22  943.945      948.127      1022.699
 24  SYM+I         449.973      23  945.945      950.526      1028.279
 25  SYM+G4        449.973      23  945.945      950.526      1028.279
 45  TVM+F         441.502      24  931.003      936.003      1016.917
 46  TVM+F+I       441.502      25  933.003      938.443      1022.497
 47  TVM+F+G4      441.502      25  933.004      938.443      1022.497
 67  TVMe          450.611      21  943.221      947.024      1018.396
 68  TVMe+I        450.607      22  945.214      949.396      1023.968
 69  TVMe+G4       450.607      22  945.214      949.396      1023.968
 89  TIM3+F        442.427      23  930.854      935.435      1013.188
 90  TIM3+F+I      442.427      24  932.854      937.854      1018.767
 91  TIM3+F+G4     442.427      24  932.854      937.854      1018.768
111  TIM3e         451.214      20  942.428      945.871      1014.023
112  TIM3e+I       451.213      21  944.427      948.229      1019.601
113  TIM3e+G4      451.214      21  944.427      948.230      1019.602
133  TIM2+F        442.234      23  930.469      935.050      1012.803
134  TIM2+F+I      442.234      24  932.469      937.469      1018.382
135  TIM2+F+G4     442.235      24  932.469      937.469      1018.383
155  TIM2e         450.834      20  941.667      945.110      1013.262
156  TIM2e+I       450.834      21  943.667      947.470      1018.842
157  TIM2e+G4      450.834      21  943.668      947.470      1018.842
177  TIM+F         442.027      23  930.054      934.635      1012.388
178  TIM+F+I       442.027      24  932.054      937.054      1017.967
179  TIM+F+G4      442.027      24  932.054      937.054      1017.968
199  TIMe          450.730      20  941.461      944.903      1013.055
200  TIMe+I        450.730      21  943.460      947.263      1018.634
201  TIMe+G4       450.730      21  943.461      947.263      1018.635
221  TPM3u+F       442.585      22  929.171      933.352      1007.925
222  TPM3u+F+I     442.585      23  931.170      935.751      1013.504
223  TPM3u+F+G4    442.585      23  931.171      935.752      1013.504
243  TPM3          451.848      19  941.695      944.797      1009.710
244  TPM3+I        451.848      20  943.695      947.138      1015.290
245  TPM3+G4       451.848      20  943.696      947.138      1015.290
265  TPM2u+F       442.391      22  928.783      932.964      1007.537
266  TPM2u+F+I     442.391      23  930.783      935.364      1013.116
267  TPM2u+F+G4    442.391      23  930.783      935.364      1013.117
287  TPM2          451.466      19  940.932      944.034      1008.947
288  TPM2+I        451.466      20  942.932      946.375      1014.527
289  TPM2+G4       451.466      20  942.932      946.375      1014.527
309  K3Pu+F        442.186      22  928.372      932.554      1007.126
310  K3Pu+F+I      442.186      23  930.372      934.953      1012.706
311  K3Pu+F+G4     442.186      23  930.372      934.953      1012.706
331  K3P           451.365      19  940.731      943.833      1008.746
332  K3P+I         451.365      20  942.731      946.173      1014.325
333  K3P+G4        451.366      20  942.731      946.174      1014.326
353  TN+F          442.481      22  928.961      933.143      1007.715
354  TN+F+I        442.481      23  930.961      935.542      1013.295
355  TN+F+G4       442.481      23  930.962      935.543      1013.296
375  TNe           451.235      19  940.469      943.571      1008.484
376  TNe+I         451.235      20  942.470      945.912      1014.064
377  TNe+G4        451.235      20  942.470      945.912      1014.064
397  HKY+F         442.639      21  927.278      931.080      1002.452
398  HKY+F+I       442.639      22  929.277      933.459      1008.031
399  HKY+F+G4      442.639      22  929.278      933.460      1008.032
419  K2P           451.868      18  939.736      942.516      1004.171
420  K2P+I         451.868      19  941.736      944.838      1009.751
421  K2P+G4        451.868      19  941.736      944.838      1009.751
441  F81+F         445.877      20  931.754      935.197      1003.349
442  F81+F+I       445.877      21  933.754      937.557      1008.929
443  F81+F+G4      445.877      21  933.755      937.557      1008.929
463  JC            455.354      17  944.708      947.186      1005.563
464  JC+I          455.354      18  946.708      949.488      1011.143
465  JC+G4         455.354      18  946.708      949.489      1011.143
Akaike Information Criterion:           HKY+F
Corrected Akaike Information Criterion: HKY+F
Bayesian Information Criterion:         HKY+F
Best-fit model: HKY+F chosen according to BIC

All model information printed to /app/outputs/analyses/485/20240624T090629/between_profile_distances/C/clade_C_seqs.aligned.fasta.model.gz
CPU time for ModelFinder: 14.155 seconds (0h:0m:14s)
Wall-clock time for ModelFinder: 4.539 seconds (0h:0m:4s)

NOTE: 0 MB RAM (0 GB) is required!
Estimate model parameters (epsilon = 0.100)
1. Initial log-likelihood: -442.639
Optimal log-likelihood: -442.639
Rate parameters:  A-C: 1.00000  A-G: 4.34475  A-T: 1.00000  C-G: 1.00000  C-T: 4.34475  G-T: 1.00000
Base frequencies:  A: 0.167  C: 0.253  G: 0.232  T: 0.348
Parameters optimization took 1 rounds (0.000 sec)
Wrote distance file to... 
Computing ML distances based on estimated model parameters...
Calculating distance matrix: done in 0.00018692 secs using 191% CPU
Computing ML distances took 0.000203 sec (of wall-clock time) 0.000395 sec (of CPU time)
Setting up auxiliary I and S matrices: done in 2.69413e-05 secs using 89.08% CPU
Constructing RapidNJ tree: done in 2.19345e-05 secs using 95.74% CPU
Computing RapidNJ tree took 0.000076 sec (of wall-clock time) 0.000226 sec (of CPU time)
Log-likelihood of RapidNJ tree: -442.642
--------------------------------------------------------------------
|             INITIALIZING CANDIDATE TREE SET                      |
--------------------------------------------------------------------
Generating 98 parsimony trees... 0.011 second
Computing log-likelihood of 97 initial trees ... 0.010 seconds
Current best score: -442.639

Do NNI search on 20 best initial trees
Optimizing NNI: done in 0.000185013 secs using 197.8% CPU
Estimate model parameters (epsilon = 0.100)
BETTER TREE FOUND at iteration 1: -442.639
Optimizing NNI: done in 0.00044322 secs using 199.7% CPU
UPDATE BEST LOG-LIKELIHOOD: -442.639
Optimizing NNI: done in 0.000445127 secs using 199.7% CPU
Optimizing NNI: done in 0.000441074 secs using 199.1% CPU
Optimizing NNI: done in 0.000366926 secs using 200% CPU
Optimizing NNI: done in 0.00040102 secs using 199.7% CPU
Optimizing NNI: done in 0.000361919 secs using 197% CPU
Optimizing NNI: done in 0.000418901 secs using 199.6% CPU
Optimizing NNI: done in 0.000435114 secs using 198.8% CPU
Optimizing NNI: done in 0.000429153 secs using 199.7% CPU
Iteration 10 / LogL: -442.639 / Time: 0h:0m:0s
Optimizing NNI: done in 0.000432014 secs using 199.8% CPU
Optimizing NNI: done in 0.000427008 secs using 198.8% CPU
Optimizing NNI: done in 0.000437021 secs using 199.3% CPU
Optimizing NNI: done in 0.000422001 secs using 200.2% CPU
Optimizing NNI: done in 0.000424862 secs using 199.6% CPU
Optimizing NNI: done in 0.000426054 secs using 199% CPU
Optimizing NNI: done in 0.000433922 secs using 200% CPU
Optimizing NNI: done in 0.000421047 secs using 199% CPU
Optimizing NNI: done in 0.000428915 secs using 199.3% CPU
UPDATE BEST LOG-LIKELIHOOD: -442.639
Optimizing NNI: done in 0.000397921 secs using 198.5% CPU
Iteration 20 / LogL: -442.639 / Time: 0h:0m:0s
Finish initializing candidate tree set (7)
Current best tree score: -442.639 / CPU time: 0.031
Number of iterations: 20
--------------------------------------------------------------------
|               OPTIMIZING CANDIDATE TREE SET                      |
--------------------------------------------------------------------
Optimizing NNI: done in 0.000960112 secs using 199.6% CPU
Optimizing NNI: done in 0.00049901 secs using 199.8% CPU
Optimizing NNI: done in 0.000539064 secs using 199.6% CPU
Optimizing NNI: done in 0.000207901 secs using 199.1% CPU
Optimizing NNI: done in 0.000170231 secs using 199.1% CPU
Optimizing NNI: done in 0.000657082 secs using 199.2% CPU
Optimizing NNI: done in 0.000174999 secs using 197.1% CPU
Optimizing NNI: done in 0.000212908 secs using 199.1% CPU
Optimizing NNI: done in 0.000198126 secs using 198.4% CPU
Optimizing NNI: done in 0.000550032 secs using 198.5% CPU
Iteration 30 / LogL: -442.640 / Time: 0h:0m:0s (0h:0m:0s left)
Optimizing NNI: done in 0.000519991 secs using 200% CPU
Optimizing NNI: done in 0.000212193 secs using 198.4% CPU
Optimizing NNI: done in 0.000204802 secs using 200.2% CPU
Optimizing NNI: done in 0.000222206 secs using 199.4% CPU
UPDATE BEST LOG-LIKELIHOOD: -442.639
Optimizing NNI: done in 0.000223875 secs using 197.9% CPU
Optimizing NNI: done in 0.000478029 secs using 200% CPU
Optimizing NNI: done in 0.000209808 secs using 200.2% CPU
Optimizing NNI: done in 0.00022006 secs using 198.1% CPU
Optimizing NNI: done in 0.000201941 secs using 199.6% CPU
Optimizing NNI: done in 0.000905037 secs using 104.6% CPU
Iteration 40 / LogL: -442.639 / Time: 0h:0m:0s (0h:0m:0s left)
Optimizing NNI: done in 0.000200987 secs using 191.1% CPU
Optimizing NNI: done in 0.000205994 secs using 191.8% CPU
Optimizing NNI: done in 0.000729084 secs using 199.6% CPU
Optimizing NNI: done in 0.000215054 secs using 197.6% CPU
Optimizing NNI: done in 0.000205994 secs using 200% CPU
Optimizing NNI: done in 0.000690937 secs using 199.9% CPU
Optimizing NNI: done in 0.000442028 secs using 199.3% CPU
UPDATE BEST LOG-LIKELIHOOD: -442.639
Optimizing NNI: done in 0.00022912 secs using 199% CPU
UPDATE BEST LOG-LIKELIHOOD: -442.639
Optimizing NNI: done in 0.000518084 secs using 199% CPU
Optimizing NNI: done in 0.00114608 secs using 199.5% CPU
Iteration 50 / LogL: -442.640 / Time: 0h:0m:0s (0h:0m:0s left)
Optimizing NNI: done in 0.000203133 secs using 198.9% CPU
Optimizing NNI: done in 0.000471115 secs using 199.5% CPU
Optimizing NNI: done in 0.000466824 secs using 198.8% CPU
Optimizing NNI: done in 0.000206947 secs using 199.6% CPU
Optimizing NNI: done in 0.000684023 secs using 200% CPU
Optimizing NNI: done in 0.000200987 secs using 199.5% CPU
Optimizing NNI: done in 0.000438213 secs using 199.4% CPU
Optimizing NNI: done in 0.000678062 secs using 200% CPU
UPDATE BEST LOG-LIKELIHOOD: -442.639
Optimizing NNI: done in 0.000956059 secs using 199.2% CPU
Optimizing NNI: done in 0.000453949 secs using 200% CPU
Iteration 60 / LogL: -442.639 / Time: 0h:0m:0s (0h:0m:0s left)
Optimizing NNI: done in 0.000466824 secs using 200.5% CPU
Optimizing NNI: done in 0.000954866 secs using 199.6% CPU
Optimizing NNI: done in 0.000671864 secs using 199.6% CPU
Optimizing NNI: done in 0.000865936 secs using 200.2% CPU
Optimizing NNI: done in 0.000206947 secs using 196.7% CPU
Optimizing NNI: done in 0.000437975 secs using 199.1% CPU
Optimizing NNI: done in 0.000201941 secs using 199.1% CPU
Optimizing NNI: done in 0.000439882 secs using 199.8% CPU
Optimizing NNI: done in 0.000468969 secs using 199.8% CPU
Optimizing NNI: done in 0.000506878 secs using 199.9% CPU
Iteration 70 / LogL: -442.639 / Time: 0h:0m:0s (0h:0m:0s left)
Optimizing NNI: done in 0.000791073 secs using 199.9% CPU
Optimizing NNI: done in 0.000205994 secs using 197.6% CPU
Optimizing NNI: done in 0.000458002 secs using 198.7% CPU
Optimizing NNI: done in 0.000699043 secs using 199% CPU
Optimizing NNI: done in 0.000465155 secs using 199.1% CPU
Optimizing NNI: done in 0.000504971 secs using 200% CPU
Optimizing NNI: done in 0.000209093 secs using 199.4% CPU
Optimizing NNI: done in 0.000180006 secs using 196.7% CPU
Optimizing NNI: done in 0.00056386 secs using 198.8% CPU
Optimizing NNI: done in 0.000479937 secs using 198.8% CPU
Iteration 80 / LogL: -442.639 / Time: 0h:0m:0s (0h:0m:0s left)
Optimizing NNI: done in 0.000496149 secs using 199.1% CPU
BETTER TREE FOUND at iteration 81: -442.638
Optimizing NNI: done in 0.000209093 secs using 197.5% CPU
Optimizing NNI: done in 0.000455141 secs using 199.5% CPU
Optimizing NNI: done in 0.000674009 secs using 199.7% CPU
Optimizing NNI: done in 0.000445127 secs using 199.7% CPU
Optimizing NNI: done in 0.000212908 secs using 202% CPU
UPDATE BEST LOG-LIKELIHOOD: -442.638
Optimizing NNI: done in 0.000478029 secs using 199.2% CPU
Optimizing NNI: done in 0.000438213 secs using 198.5% CPU
Optimizing NNI: done in 0.000777006 secs using 199.2% CPU
Optimizing NNI: done in 0.000461102 secs using 200% CPU
Iteration 90 / LogL: -442.639 / Time: 0h:0m:0s (0h:0m:0s left)
Optimizing NNI: done in 0.00048399 secs using 200.2% CPU
Optimizing NNI: done in 0.000200987 secs using 199.5% CPU
Optimizing NNI: done in 0.000445127 secs using 199.3% CPU
Optimizing NNI: done in 0.00020504 secs using 200% CPU
Optimizing NNI: done in 0.000213146 secs using 198.5% CPU
Optimizing NNI: done in 0.000447035 secs using 198.9% CPU
Optimizing NNI: done in 0.000204086 secs using 198.4% CPU
Optimizing NNI: done in 0.000452042 secs using 200.9% CPU
Optimizing NNI: done in 0.000697851 secs using 199.8% CPU
Optimizing NNI: done in 0.00049305 secs using 199.4% CPU
Iteration 100 / LogL: -442.639 / Time: 0h:0m:0s (0h:0m:0s left)
Optimizing NNI: done in 0.000496149 secs using 199.3% CPU
Optimizing NNI: done in 0.000476122 secs using 199.7% CPU
Optimizing NNI: done in 0.000488043 secs using 198.8% CPU
Optimizing NNI: done in 0.00047493 secs using 199.4% CPU
Optimizing NNI: done in 0.000203848 secs using 198.2% CPU
Optimizing NNI: done in 0.000504017 secs using 199.6% CPU
Optimizing NNI: done in 0.000205994 secs using 197.6% CPU
Optimizing NNI: done in 0.000473976 secs using 199.6% CPU
Optimizing NNI: done in 0.000694036 secs using 199.6% CPU
Optimizing NNI: done in 0.000898838 secs using 199.9% CPU
Iteration 110 / LogL: -442.639 / Time: 0h:0m:0s (0h:0m:0s left)
Optimizing NNI: done in 0.000203848 secs using 198.2% CPU
Optimizing NNI: done in 0.000500917 secs using 199.8% CPU
Optimizing NNI: done in 0.000454903 secs using 199.6% CPU
Optimizing NNI: done in 0.000492096 secs using 198.7% CPU
Optimizing NNI: done in 0.000207186 secs using 199.3% CPU
Optimizing NNI: done in 0.000437021 secs using 198.6% CPU
Optimizing NNI: done in 0.000489235 secs using 198.9% CPU
Optimizing NNI: done in 0.000913858 secs using 199.5% CPU
Optimizing NNI: done in 0.000465155 secs using 199.9% CPU
Optimizing NNI: done in 0.00110006 secs using 199.5% CPU
Iteration 120 / LogL: -442.639 / Time: 0h:0m:0s (0h:0m:0s left)
Optimizing NNI: done in 0.000494957 secs using 199.6% CPU
Optimizing NNI: done in 0.000463009 secs using 199.3% CPU
Optimizing NNI: done in 0.000201941 secs using 199.1% CPU
Optimizing NNI: done in 0.000488997 secs using 198.8% CPU
Optimizing NNI: done in 0.000209093 secs using 198% CPU
Optimizing NNI: done in 0.000421047 secs using 199% CPU
Optimizing NNI: done in 0.000905037 secs using 199.8% CPU
Optimizing NNI: done in 0.000204086 secs using 198% CPU
Optimizing NNI: done in 0.000445127 secs using 199.7% CPU
Optimizing NNI: done in 0.000475883 secs using 198.6% CPU
Iteration 130 / LogL: -447.848 / Time: 0h:0m:0s (0h:0m:0s left)
Optimizing NNI: done in 0.000642061 secs using 199.8% CPU
Optimizing NNI: done in 0.000206947 secs using 199.6% CPU
Optimizing NNI: done in 0.000482082 secs using 199.6% CPU
Optimizing NNI: done in 0.00090003 secs using 199.2% CPU
Optimizing NNI: done in 0.000198841 secs using 200.7% CPU
Optimizing NNI: done in 0.000221968 secs using 196.4% CPU
Optimizing NNI: done in 0.000218868 secs using 198.7% CPU
Optimizing NNI: done in 0.000213861 secs using 199.2% CPU
Optimizing NNI: done in 0.000435829 secs using 199.6% CPU
Optimizing NNI: done in 0.000917196 secs using 199.7% CPU
Iteration 140 / LogL: -442.639 / Time: 0h:0m:0s (0h:0m:0s left)
Optimizing NNI: done in 0.000689983 secs using 199.4% CPU
Optimizing NNI: done in 0.000172138 secs using 198.7% CPU
Optimizing NNI: done in 0.000417948 secs using 200.5% CPU
Optimizing NNI: done in 0.000448942 secs using 198.9% CPU
Optimizing NNI: done in 0.000506163 secs using 199.5% CPU
Optimizing NNI: done in 0.000448942 secs using 198.9% CPU
Optimizing NNI: done in 0.000208139 secs using 198.4% CPU
Optimizing NNI: done in 0.000209093 secs using 198% CPU
Optimizing NNI: done in 0.000491142 secs using 198.9% CPU
Optimizing NNI: done in 0.000931025 secs using 199.5% CPU
Iteration 150 / LogL: -442.640 / Time: 0h:0m:0s (0h:0m:0s left)
Optimizing NNI: done in 0.000207901 secs using 198.2% CPU
Optimizing NNI: done in 0.00111604 secs using 111.1% CPU
Optimizing NNI: done in 0.000208855 secs using 198.7% CPU
Optimizing NNI: done in 0.000204086 secs using 197.5% CPU
Optimizing NNI: done in 0.000200987 secs using 200% CPU
Optimizing NNI: done in 0.000206947 secs using 199.6% CPU
Optimizing NNI: done in 0.00020504 secs using 200% CPU
Optimizing NNI: done in 0.000937939 secs using 199.9% CPU
Optimizing NNI: done in 0.000501871 secs using 199.5% CPU
Optimizing NNI: done in 0.000476122 secs using 198.9% CPU
Iteration 160 / LogL: -442.639 / Time: 0h:0m:0s (0h:0m:0s left)
Optimizing NNI: done in 0.000618935 secs using 199.5% CPU
Optimizing NNI: done in 0.000646114 secs using 198.9% CPU
Optimizing NNI: done in 0.000209093 secs using 199% CPU
Optimizing NNI: done in 0.000438929 secs using 199.8% CPU
Optimizing NNI: done in 0.000468969 secs using 199.2% CPU
Optimizing NNI: done in 0.000458002 secs using 198.9% CPU
Optimizing NNI: done in 0.000203133 secs
Optimizing NNI: done in 0.000913858 secs using 195.1% CPU
Optimizing NNI: done in 0.000199795 secs using 197.7% CPU
Optimizing NNI: done in 0.000649929 secs using 200% CPU
Iteration 170 / LogL: -442.639 / Time: 0h:0m:0s (0h:0m:0s left)
Optimizing NNI: done in 0.000201941 secs using 199.1% CPU
Optimizing NNI: done in 0.000734091 secs using 199.8% CPU
Optimizing NNI: done in 0.000696898 secs using 198.9% CPU
Optimizing NNI: done in 0.000204086 secs using 198% CPU
Optimizing NNI: done in 0.000492096 secs using 199.6% CPU
Optimizing NNI: done in 0.0002141 secs using 198.5% CPU
Optimizing NNI: done in 0.000200987 secs using 200% CPU
Optimizing NNI: done in 0.000200987 secs using 199.5% CPU
Optimizing NNI: done in 0.000658989 secs using 200.3% CPU
Optimizing NNI: done in 0.000692844 secs using 199.8% CPU
Iteration 180 / LogL: -442.640 / Time: 0h:0m:0s (0h:0m:0s left)
Optimizing NNI: done in 0.000207186 secs using 199.3% CPU
Optimizing NNI: done in 0.000455856 secs using 200.1% CPU
TREE SEARCH COMPLETED AFTER 182 ITERATIONS / Time: 0h:0m:0s

--------------------------------------------------------------------
|                    FINALIZING TREE SEARCH                        |
--------------------------------------------------------------------
Performs final model parameters optimization
Estimate model parameters (epsilon = 0.010)
1. Initial log-likelihood: -442.638
Optimal log-likelihood: -442.638
Rate parameters:  A-C: 1.00000  A-G: 4.33148  A-T: 1.00000  C-G: 1.00000  C-T: 4.33148  G-T: 1.00000
Base frequencies:  A: 0.167  C: 0.253  G: 0.232  T: 0.348
Parameters optimization took 1 rounds (0.000 sec)
BEST SCORE FOUND : -442.638
Total tree length: 0.051

Total number of iterations: 182
CPU time used for tree search: 0.252 sec (0h:0m:0s)
Wall-clock time used for tree search: 0.128 sec (0h:0m:0s)
Total CPU time used: 0.267 sec (0h:0m:0s)
Total wall-clock time used: 0.137 sec (0h:0m:0s)

Analysis results written to: 
  IQ-TREE report:                /app/outputs/analyses/485/20240624T090629/between_profile_distances/C/clade_C_seqs.aligned.fasta.iqtree
  Maximum-likelihood tree:       /app/outputs/analyses/485/20240624T090629/between_profile_distances/C/clade_C_seqs.aligned.fasta.treefile
  Likelihood distances:          /app/outputs/analyses/485/20240624T090629/between_profile_distances/C/clade_C_seqs.aligned.fasta.mldist
  Screen log file:               /app/outputs/analyses/485/20240624T090629/between_profile_distances/C/clade_C_seqs.aligned.fasta.log

Date and Time: Mon Jun 24 04:06:52 2024
